2024-06-20 11:03:56,586 - INFO - Memory usage is high: 94.8%
2024-06-20 11:03:58,058 - INFO - CPU usage: 8.1%
2024-06-20 11:03:58,058 - INFO - Memory usage: 94.8%
2024-06-20 11:03:58,058 - INFO - Disk space usage: 55.4%
2024-06-20 11:03:58,058 - INFO - Number of running processes: 300
2024-06-20 11:04:59,086 - INFO - Memory usage is high: 88.9%
2024-06-20 11:04:59,919 - INFO - CPU usage: 2.3%
2024-06-20 11:04:59,919 - INFO - Memory usage: 88.9%
2024-06-20 11:04:59,919 - INFO - Disk space usage: 55.4%
2024-06-20 11:04:59,919 - INFO - Number of running processes: 300
2024-06-20 11:06:00,938 - INFO - Memory usage is high: 89.2%
2024-06-20 11:06:01,746 - INFO - CPU usage: 2.7%
2024-06-20 11:06:01,747 - INFO - Memory usage: 89.2%
2024-06-20 11:06:01,747 - INFO - Disk space usage: 55.4%
2024-06-20 11:06:01,747 - INFO - Number of running processes: 297
2024-06-20 11:06:52,368 - INFO - Memory usage is high: 88.4%
2024-06-20 11:06:53,205 - INFO - CPU usage: 2.3%
2024-06-20 11:06:53,205 - INFO - Memory usage: 88.4%
2024-06-20 11:06:53,205 - INFO - Disk space usage: 55.4%
2024-06-20 11:06:53,205 - INFO - Number of running processes: 296
2024-06-20 11:07:04,224 - INFO - Memory usage is high: 86.6%
2024-06-20 11:07:05,457 - INFO - CPU usage: 1.7%
2024-06-20 11:07:05,457 - INFO - Memory usage: 86.6%
2024-06-20 11:07:05,457 - INFO - Disk space usage: 55.4%
2024-06-20 11:07:05,457 - INFO - Number of running processes: 295
2024-06-20 11:07:16,480 - INFO - Memory usage is high: 88.7%
2024-06-20 11:07:17,322 - INFO - CPU usage: 2.3%
2024-06-20 11:07:17,322 - INFO - Memory usage: 88.7%
2024-06-20 11:07:17,322 - INFO - Disk space usage: 55.4%
2024-06-20 11:07:17,322 - INFO - Number of running processes: 296
2024-06-20 11:07:28,357 - INFO - Memory usage is high: 93.1%
2024-06-20 11:07:30,739 - INFO - CPU usage: 75.9%
2024-06-20 11:07:30,739 - INFO - Memory usage: 93.1%
2024-06-20 11:07:30,740 - INFO - Disk space usage: 55.4%
2024-06-20 11:07:30,740 - INFO - Number of running processes: 298
2024-06-20 11:07:41,770 - INFO - Memory usage is high: 92.5%
2024-06-20 11:07:43,441 - INFO - CPU usage: 5.7%
2024-06-20 11:07:43,441 - INFO - Memory usage: 92.5%
2024-06-20 11:07:43,441 - INFO - Disk space usage: 55.4%
2024-06-20 11:07:43,442 - INFO - Number of running processes: 298
2024-06-20 11:07:54,468 - INFO - Memory usage is high: 93.7%
2024-06-20 11:07:55,890 - INFO - CPU usage: 9.4%
2024-06-20 11:07:55,891 - INFO - Memory usage: 93.7%
2024-06-20 11:07:55,891 - INFO - Disk space usage: 55.4%
2024-06-20 11:07:55,891 - INFO - Number of running processes: 300
2024-06-20 11:08:06,929 - INFO - Memory usage is high: 93.5%
2024-06-20 11:08:08,243 - INFO - CPU usage: 4.2%
2024-06-20 11:08:08,243 - INFO - Memory usage: 93.5%
2024-06-20 11:08:08,243 - INFO - Disk space usage: 55.4%
2024-06-20 11:08:08,243 - INFO - Number of running processes: 298
